ERROR - 2026-05-13 07:39:35 --> Error connecting to the database: Error: Class "SQLite3" not found in /home/fandresena-loic/S4/projet S4/system_info/madaTech/system/Database/SQLite3/Connection.php:111
Stack trace:
#0 /home/fandresena-loic/S4/projet S4/system_info/madaTech/system/Database/BaseConnection.php(555): CodeIgniter\Database\SQLite3\Connection->connect()
#1 /home/fandresena-loic/S4/projet S4/system_info/madaTech/system/Database/SQLite3/Connection.php(74): CodeIgniter\Database\BaseConnection->initialize()
#2 /home/fandresena-loic/S4/projet S4/system_info/madaTech/system/Database/BaseConnection.php(795): CodeIgniter\Database\SQLite3\Connection->initialize()
#3 /home/fandresena-loic/S4/projet S4/system_info/madaTech/system/Database/BaseBuilder.php(1649): CodeIgniter\Database\BaseConnection->query()
#4 /home/fandresena-loic/S4/projet S4/system_info/madaTech/system/Model.php(295): CodeIgniter\Database\BaseBuilder->get()
#5 /home/fandresena-loic/S4/projet S4/system_info/madaTech/system/BaseModel.php(714): CodeIgniter\Model->doFirst()
#6 /home/fandresena-loic/S4/projet S4/system_info/madaTech/app/Controllers/AuthController.php(46): CodeIgniter\BaseModel->first()
#7 /home/fandresena-loic/S4/projet S4/system_info/madaTech/system/CodeIgniter.php(951): App\Controllers\AuthController->attempt()
#8 /home/fandresena-loic/S4/projet S4/system_info/madaTech/system/CodeIgniter.php(497): CodeIgniter\CodeIgniter->runController()
#9 /home/fandresena-loic/S4/projet S4/system_info/madaTech/system/CodeIgniter.php(340): CodeIgniter\CodeIgniter->handleRequest()
#10 /home/fandresena-loic/S4/projet S4/system_info/madaTech/system/Boot.php(417): CodeIgniter\CodeIgniter->run()
#11 /home/fandresena-loic/S4/projet S4/system_info/madaTech/system/Boot.php(68): CodeIgniter\Boot::runCodeIgniter()
#12 /home/fandresena-loic/S4/projet S4/system_info/madaTech/public/index.php(59): CodeIgniter\Boot::bootWeb()
#13 {main}
CRITICAL - 2026-05-13 07:39:35 --> CodeIgniter\Database\Exceptions\DatabaseException: Unable to connect to the database.
Main connection [SQLite3]: Class "SQLite3" not found
[Method: POST, Route: login]
in SYSTEMPATH/Database/BaseConnection.php on line 606.
 1 SYSTEMPATH/Database/SQLite3/Connection.php(74): CodeIgniter\Database\BaseConnection->initialize()
 2 SYSTEMPATH/Database/BaseConnection.php(795): CodeIgniter\Database\SQLite3\Connection->initialize()
 3 SYSTEMPATH/Database/BaseBuilder.php(1649): CodeIgniter\Database\BaseConnection->query()
 4 SYSTEMPATH/Model.php(295): CodeIgniter\Database\BaseBuilder->get()
 5 SYSTEMPATH/BaseModel.php(714): CodeIgniter\Model->doFirst()
 6 APPPATH/Controllers/AuthController.php(46): CodeIgniter\BaseModel->first()
 7 SYSTEMPATH/CodeIgniter.php(951): App\Controllers\AuthController->attempt()
 8 SYSTEMPATH/CodeIgniter.php(497): CodeIgniter\CodeIgniter->runController()
 9 SYSTEMPATH/CodeIgniter.php(340): CodeIgniter\CodeIgniter->handleRequest()
10 SYSTEMPATH/Boot.php(417): CodeIgniter\CodeIgniter->run()
11 SYSTEMPATH/Boot.php(68): CodeIgniter\Boot::runCodeIgniter()
12 FCPATH/index.php(59): CodeIgniter\Boot::bootWeb()
ERROR - 2026-05-13 07:46:19 --> Error connecting to the database: Error: Class "SQLite3" not found in /home/fandresena-loic/S4/projet S4/system_info/madaTech/system/Database/SQLite3/Connection.php:111
Stack trace:
#0 /home/fandresena-loic/S4/projet S4/system_info/madaTech/system/Database/BaseConnection.php(555): CodeIgniter\Database\SQLite3\Connection->connect()
#1 /home/fandresena-loic/S4/projet S4/system_info/madaTech/system/Database/SQLite3/Connection.php(74): CodeIgniter\Database\BaseConnection->initialize()
#2 /home/fandresena-loic/S4/projet S4/system_info/madaTech/system/Database/BaseConnection.php(795): CodeIgniter\Database\SQLite3\Connection->initialize()
#3 /home/fandresena-loic/S4/projet S4/system_info/madaTech/system/Database/BaseBuilder.php(1649): CodeIgniter\Database\BaseConnection->query()
#4 /home/fandresena-loic/S4/projet S4/system_info/madaTech/system/Model.php(295): CodeIgniter\Database\BaseBuilder->get()
#5 /home/fandresena-loic/S4/projet S4/system_info/madaTech/system/BaseModel.php(714): CodeIgniter\Model->doFirst()
#6 /home/fandresena-loic/S4/projet S4/system_info/madaTech/app/Controllers/AuthController.php(46): CodeIgniter\BaseModel->first()
#7 /home/fandresena-loic/S4/projet S4/system_info/madaTech/system/CodeIgniter.php(951): App\Controllers\AuthController->attempt()
#8 /home/fandresena-loic/S4/projet S4/system_info/madaTech/system/CodeIgniter.php(497): CodeIgniter\CodeIgniter->runController()
#9 /home/fandresena-loic/S4/projet S4/system_info/madaTech/system/CodeIgniter.php(340): CodeIgniter\CodeIgniter->handleRequest()
#10 /home/fandresena-loic/S4/projet S4/system_info/madaTech/system/Boot.php(417): CodeIgniter\CodeIgniter->run()
#11 /home/fandresena-loic/S4/projet S4/system_info/madaTech/system/Boot.php(68): CodeIgniter\Boot::runCodeIgniter()
#12 /home/fandresena-loic/S4/projet S4/system_info/madaTech/public/index.php(59): CodeIgniter\Boot::bootWeb()
#13 {main}
CRITICAL - 2026-05-13 07:46:19 --> CodeIgniter\Database\Exceptions\DatabaseException: Unable to connect to the database.
Main connection [SQLite3]: Class "SQLite3" not found
[Method: POST, Route: login]
in SYSTEMPATH/Database/BaseConnection.php on line 606.
 1 SYSTEMPATH/Database/SQLite3/Connection.php(74): CodeIgniter\Database\BaseConnection->initialize()
 2 SYSTEMPATH/Database/BaseConnection.php(795): CodeIgniter\Database\SQLite3\Connection->initialize()
 3 SYSTEMPATH/Database/BaseBuilder.php(1649): CodeIgniter\Database\BaseConnection->query()
 4 SYSTEMPATH/Model.php(295): CodeIgniter\Database\BaseBuilder->get()
 5 SYSTEMPATH/BaseModel.php(714): CodeIgniter\Model->doFirst()
 6 APPPATH/Controllers/AuthController.php(46): CodeIgniter\BaseModel->first()
 7 SYSTEMPATH/CodeIgniter.php(951): App\Controllers\AuthController->attempt()
 8 SYSTEMPATH/CodeIgniter.php(497): CodeIgniter\CodeIgniter->runController()
 9 SYSTEMPATH/CodeIgniter.php(340): CodeIgniter\CodeIgniter->handleRequest()
10 SYSTEMPATH/Boot.php(417): CodeIgniter\CodeIgniter->run()
11 SYSTEMPATH/Boot.php(68): CodeIgniter\Boot::runCodeIgniter()
12 FCPATH/index.php(59): CodeIgniter\Boot::bootWeb()
ERROR - 2026-05-13 07:50:07 --> Error connecting to the database: Error: Class "SQLite3" not found in /home/fandresena-loic/S4/projet S4/system_info/madaTech/system/Database/SQLite3/Connection.php:111
Stack trace:
#0 /home/fandresena-loic/S4/projet S4/system_info/madaTech/system/Database/BaseConnection.php(555): CodeIgniter\Database\SQLite3\Connection->connect()
#1 /home/fandresena-loic/S4/projet S4/system_info/madaTech/system/Database/SQLite3/Connection.php(74): CodeIgniter\Database\BaseConnection->initialize()
#2 /home/fandresena-loic/S4/projet S4/system_info/madaTech/system/Database/BaseConnection.php(795): CodeIgniter\Database\SQLite3\Connection->initialize()
#3 /home/fandresena-loic/S4/projet S4/system_info/madaTech/system/Database/BaseBuilder.php(1649): CodeIgniter\Database\BaseConnection->query()
#4 /home/fandresena-loic/S4/projet S4/system_info/madaTech/system/Model.php(295): CodeIgniter\Database\BaseBuilder->get()
#5 /home/fandresena-loic/S4/projet S4/system_info/madaTech/system/BaseModel.php(714): CodeIgniter\Model->doFirst()
#6 /home/fandresena-loic/S4/projet S4/system_info/madaTech/app/Controllers/AuthController.php(46): CodeIgniter\BaseModel->first()
#7 /home/fandresena-loic/S4/projet S4/system_info/madaTech/system/CodeIgniter.php(951): App\Controllers\AuthController->attempt()
#8 /home/fandresena-loic/S4/projet S4/system_info/madaTech/system/CodeIgniter.php(497): CodeIgniter\CodeIgniter->runController()
#9 /home/fandresena-loic/S4/projet S4/system_info/madaTech/system/CodeIgniter.php(340): CodeIgniter\CodeIgniter->handleRequest()
#10 /home/fandresena-loic/S4/projet S4/system_info/madaTech/system/Boot.php(417): CodeIgniter\CodeIgniter->run()
#11 /home/fandresena-loic/S4/projet S4/system_info/madaTech/system/Boot.php(68): CodeIgniter\Boot::runCodeIgniter()
#12 /home/fandresena-loic/S4/projet S4/system_info/madaTech/public/index.php(59): CodeIgniter\Boot::bootWeb()
#13 {main}
CRITICAL - 2026-05-13 07:50:07 --> CodeIgniter\Database\Exceptions\DatabaseException: Unable to connect to the database.
Main connection [SQLite3]: Class "SQLite3" not found
[Method: POST, Route: login]
in SYSTEMPATH/Database/BaseConnection.php on line 606.
 1 SYSTEMPATH/Database/SQLite3/Connection.php(74): CodeIgniter\Database\BaseConnection->initialize()
 2 SYSTEMPATH/Database/BaseConnection.php(795): CodeIgniter\Database\SQLite3\Connection->initialize()
 3 SYSTEMPATH/Database/BaseBuilder.php(1649): CodeIgniter\Database\BaseConnection->query()
 4 SYSTEMPATH/Model.php(295): CodeIgniter\Database\BaseBuilder->get()
 5 SYSTEMPATH/BaseModel.php(714): CodeIgniter\Model->doFirst()
 6 APPPATH/Controllers/AuthController.php(46): CodeIgniter\BaseModel->first()
 7 SYSTEMPATH/CodeIgniter.php(951): App\Controllers\AuthController->attempt()
 8 SYSTEMPATH/CodeIgniter.php(497): CodeIgniter\CodeIgniter->runController()
 9 SYSTEMPATH/CodeIgniter.php(340): CodeIgniter\CodeIgniter->handleRequest()
10 SYSTEMPATH/Boot.php(417): CodeIgniter\CodeIgniter->run()
11 SYSTEMPATH/Boot.php(68): CodeIgniter\Boot::runCodeIgniter()
12 FCPATH/index.php(59): CodeIgniter\Boot::bootWeb()
ERROR - 2026-05-13 07:51:26 --> Error connecting to the database: Error: Class "SQLite3" not found in /home/fandresena-loic/S4/projet S4/system_info/madaTech/system/Database/SQLite3/Connection.php:111
Stack trace:
#0 /home/fandresena-loic/S4/projet S4/system_info/madaTech/system/Database/BaseConnection.php(555): CodeIgniter\Database\SQLite3\Connection->connect()
#1 /home/fandresena-loic/S4/projet S4/system_info/madaTech/system/Database/SQLite3/Connection.php(74): CodeIgniter\Database\BaseConnection->initialize()
#2 /home/fandresena-loic/S4/projet S4/system_info/madaTech/system/Database/BaseConnection.php(795): CodeIgniter\Database\SQLite3\Connection->initialize()
#3 /home/fandresena-loic/S4/projet S4/system_info/madaTech/system/Database/BaseBuilder.php(1649): CodeIgniter\Database\BaseConnection->query()
#4 /home/fandresena-loic/S4/projet S4/system_info/madaTech/system/Model.php(295): CodeIgniter\Database\BaseBuilder->get()
#5 /home/fandresena-loic/S4/projet S4/system_info/madaTech/system/BaseModel.php(714): CodeIgniter\Model->doFirst()
#6 /home/fandresena-loic/S4/projet S4/system_info/madaTech/app/Controllers/AuthController.php(46): CodeIgniter\BaseModel->first()
#7 /home/fandresena-loic/S4/projet S4/system_info/madaTech/system/CodeIgniter.php(951): App\Controllers\AuthController->attempt()
#8 /home/fandresena-loic/S4/projet S4/system_info/madaTech/system/CodeIgniter.php(497): CodeIgniter\CodeIgniter->runController()
#9 /home/fandresena-loic/S4/projet S4/system_info/madaTech/system/CodeIgniter.php(340): CodeIgniter\CodeIgniter->handleRequest()
#10 /home/fandresena-loic/S4/projet S4/system_info/madaTech/system/Boot.php(417): CodeIgniter\CodeIgniter->run()
#11 /home/fandresena-loic/S4/projet S4/system_info/madaTech/system/Boot.php(68): CodeIgniter\Boot::runCodeIgniter()
#12 /home/fandresena-loic/S4/projet S4/system_info/madaTech/public/index.php(59): CodeIgniter\Boot::bootWeb()
#13 {main}
CRITICAL - 2026-05-13 07:51:26 --> CodeIgniter\Database\Exceptions\DatabaseException: Unable to connect to the database.
Main connection [SQLite3]: Class "SQLite3" not found
[Method: POST, Route: login]
in SYSTEMPATH/Database/BaseConnection.php on line 606.
 1 SYSTEMPATH/Database/SQLite3/Connection.php(74): CodeIgniter\Database\BaseConnection->initialize()
 2 SYSTEMPATH/Database/BaseConnection.php(795): CodeIgniter\Database\SQLite3\Connection->initialize()
 3 SYSTEMPATH/Database/BaseBuilder.php(1649): CodeIgniter\Database\BaseConnection->query()
 4 SYSTEMPATH/Model.php(295): CodeIgniter\Database\BaseBuilder->get()
 5 SYSTEMPATH/BaseModel.php(714): CodeIgniter\Model->doFirst()
 6 APPPATH/Controllers/AuthController.php(46): CodeIgniter\BaseModel->first()
 7 SYSTEMPATH/CodeIgniter.php(951): App\Controllers\AuthController->attempt()
 8 SYSTEMPATH/CodeIgniter.php(497): CodeIgniter\CodeIgniter->runController()
 9 SYSTEMPATH/CodeIgniter.php(340): CodeIgniter\CodeIgniter->handleRequest()
10 SYSTEMPATH/Boot.php(417): CodeIgniter\CodeIgniter->run()
11 SYSTEMPATH/Boot.php(68): CodeIgniter\Boot::runCodeIgniter()
12 FCPATH/index.php(59): CodeIgniter\Boot::bootWeb()
ERROR - 2026-05-13 07:54:53 --> Unable to prepare statement: no such table: employes
in SYSTEMPATH/Database/SQLite3/Connection.php on line 164.
 1 SYSTEMPATH/Database/SQLite3/Connection.php(164): SQLite3->query()
 2 SYSTEMPATH/Database/BaseConnection.php(910): CodeIgniter\Database\SQLite3\Connection->execute()
 3 SYSTEMPATH/Database/BaseConnection.php(827): CodeIgniter\Database\BaseConnection->simpleQuery()
 4 SYSTEMPATH/Database/BaseBuilder.php(1649): CodeIgniter\Database\BaseConnection->query()
 5 SYSTEMPATH/Model.php(295): CodeIgniter\Database\BaseBuilder->get()
 6 SYSTEMPATH/BaseModel.php(714): CodeIgniter\Model->doFirst()
 7 APPPATH/Controllers/AuthController.php(46): CodeIgniter\BaseModel->first()
 8 SYSTEMPATH/CodeIgniter.php(951): App\Controllers\AuthController->attempt()
 9 SYSTEMPATH/CodeIgniter.php(497): CodeIgniter\CodeIgniter->runController()
10 SYSTEMPATH/CodeIgniter.php(340): CodeIgniter\CodeIgniter->handleRequest()
11 SYSTEMPATH/Boot.php(417): CodeIgniter\CodeIgniter->run()
12 SYSTEMPATH/Boot.php(68): CodeIgniter\Boot::runCodeIgniter()
13 FCPATH/index.php(59): CodeIgniter\Boot::bootWeb()
CRITICAL - 2026-05-13 07:54:53 --> CodeIgniter\Database\Exceptions\DatabaseException: Unable to prepare statement: no such table: employes
[Method: POST, Route: login]
in SYSTEMPATH/Database/BaseConnection.php on line 865.
 1 SYSTEMPATH/Database/BaseBuilder.php(1649): CodeIgniter\Database\BaseConnection->query()
 2 SYSTEMPATH/Model.php(295): CodeIgniter\Database\BaseBuilder->get()
 3 SYSTEMPATH/BaseModel.php(714): CodeIgniter\Model->doFirst()
 4 APPPATH/Controllers/AuthController.php(46): CodeIgniter\BaseModel->first()
 5 SYSTEMPATH/CodeIgniter.php(951): App\Controllers\AuthController->attempt()
 6 SYSTEMPATH/CodeIgniter.php(497): CodeIgniter\CodeIgniter->runController()
 7 SYSTEMPATH/CodeIgniter.php(340): CodeIgniter\CodeIgniter->handleRequest()
 8 SYSTEMPATH/Boot.php(417): CodeIgniter\CodeIgniter->run()
 9 SYSTEMPATH/Boot.php(68): CodeIgniter\Boot::runCodeIgniter()
10 FCPATH/index.php(59): CodeIgniter\Boot::bootWeb()
CRITICAL - 2026-05-13 07:54:53 --> [Caused by] CodeIgniter\Database\Exceptions\DatabaseException: Unable to prepare statement: no such table: employes
in SYSTEMPATH/Database/SQLite3/Connection.php on line 174.
 1 SYSTEMPATH/Database/BaseConnection.php(910): CodeIgniter\Database\SQLite3\Connection->execute()
 2 SYSTEMPATH/Database/BaseConnection.php(827): CodeIgniter\Database\BaseConnection->simpleQuery()
 3 SYSTEMPATH/Database/BaseBuilder.php(1649): CodeIgniter\Database\BaseConnection->query()
 4 SYSTEMPATH/Model.php(295): CodeIgniter\Database\BaseBuilder->get()
 5 SYSTEMPATH/BaseModel.php(714): CodeIgniter\Model->doFirst()
 6 APPPATH/Controllers/AuthController.php(46): CodeIgniter\BaseModel->first()
 7 SYSTEMPATH/CodeIgniter.php(951): App\Controllers\AuthController->attempt()
 8 SYSTEMPATH/CodeIgniter.php(497): CodeIgniter\CodeIgniter->runController()
 9 SYSTEMPATH/CodeIgniter.php(340): CodeIgniter\CodeIgniter->handleRequest()
10 SYSTEMPATH/Boot.php(417): CodeIgniter\CodeIgniter->run()
11 SYSTEMPATH/Boot.php(68): CodeIgniter\Boot::runCodeIgniter()
12 FCPATH/index.php(59): CodeIgniter\Boot::bootWeb()
CRITICAL - 2026-05-13 07:54:53 --> [Caused by] SQLite3Exception: Unable to prepare statement: no such table: employes
in SYSTEMPATH/Database/SQLite3/Connection.php on line 164.
 1 SYSTEMPATH/Database/SQLite3/Connection.php(164): SQLite3->query()
 2 SYSTEMPATH/Database/BaseConnection.php(910): CodeIgniter\Database\SQLite3\Connection->execute()
 3 SYSTEMPATH/Database/BaseConnection.php(827): CodeIgniter\Database\BaseConnection->simpleQuery()
 4 SYSTEMPATH/Database/BaseBuilder.php(1649): CodeIgniter\Database\BaseConnection->query()
 5 SYSTEMPATH/Model.php(295): CodeIgniter\Database\BaseBuilder->get()
 6 SYSTEMPATH/BaseModel.php(714): CodeIgniter\Model->doFirst()
 7 APPPATH/Controllers/AuthController.php(46): CodeIgniter\BaseModel->first()
 8 SYSTEMPATH/CodeIgniter.php(951): App\Controllers\AuthController->attempt()
 9 SYSTEMPATH/CodeIgniter.php(497): CodeIgniter\CodeIgniter->runController()
10 SYSTEMPATH/CodeIgniter.php(340): CodeIgniter\CodeIgniter->handleRequest()
11 SYSTEMPATH/Boot.php(417): CodeIgniter\CodeIgniter->run()
12 SYSTEMPATH/Boot.php(68): CodeIgniter\Boot::runCodeIgniter()
13 FCPATH/index.php(59): CodeIgniter\Boot::bootWeb()
ERROR - 2026-05-13 07:55:20 --> Unable to prepare statement: no such table: employes
in SYSTEMPATH/Database/SQLite3/Connection.php on line 164.
 1 SYSTEMPATH/Database/SQLite3/Connection.php(164): SQLite3->query()
 2 SYSTEMPATH/Database/BaseConnection.php(910): CodeIgniter\Database\SQLite3\Connection->execute()
 3 SYSTEMPATH/Database/BaseConnection.php(827): CodeIgniter\Database\BaseConnection->simpleQuery()
 4 SYSTEMPATH/Database/BaseBuilder.php(1649): CodeIgniter\Database\BaseConnection->query()
 5 SYSTEMPATH/Model.php(295): CodeIgniter\Database\BaseBuilder->get()
 6 SYSTEMPATH/BaseModel.php(714): CodeIgniter\Model->doFirst()
 7 APPPATH/Controllers/AuthController.php(46): CodeIgniter\BaseModel->first()
 8 SYSTEMPATH/CodeIgniter.php(951): App\Controllers\AuthController->attempt()
 9 SYSTEMPATH/CodeIgniter.php(497): CodeIgniter\CodeIgniter->runController()
10 SYSTEMPATH/CodeIgniter.php(340): CodeIgniter\CodeIgniter->handleRequest()
11 SYSTEMPATH/Boot.php(417): CodeIgniter\CodeIgniter->run()
12 SYSTEMPATH/Boot.php(68): CodeIgniter\Boot::runCodeIgniter()
13 FCPATH/index.php(59): CodeIgniter\Boot::bootWeb()
CRITICAL - 2026-05-13 07:55:20 --> CodeIgniter\Database\Exceptions\DatabaseException: Unable to prepare statement: no such table: employes
[Method: POST, Route: login]
in SYSTEMPATH/Database/BaseConnection.php on line 865.
 1 SYSTEMPATH/Database/BaseBuilder.php(1649): CodeIgniter\Database\BaseConnection->query()
 2 SYSTEMPATH/Model.php(295): CodeIgniter\Database\BaseBuilder->get()
 3 SYSTEMPATH/BaseModel.php(714): CodeIgniter\Model->doFirst()
 4 APPPATH/Controllers/AuthController.php(46): CodeIgniter\BaseModel->first()
 5 SYSTEMPATH/CodeIgniter.php(951): App\Controllers\AuthController->attempt()
 6 SYSTEMPATH/CodeIgniter.php(497): CodeIgniter\CodeIgniter->runController()
 7 SYSTEMPATH/CodeIgniter.php(340): CodeIgniter\CodeIgniter->handleRequest()
 8 SYSTEMPATH/Boot.php(417): CodeIgniter\CodeIgniter->run()
 9 SYSTEMPATH/Boot.php(68): CodeIgniter\Boot::runCodeIgniter()
10 FCPATH/index.php(59): CodeIgniter\Boot::bootWeb()
CRITICAL - 2026-05-13 07:55:20 --> [Caused by] CodeIgniter\Database\Exceptions\DatabaseException: Unable to prepare statement: no such table: employes
in SYSTEMPATH/Database/SQLite3/Connection.php on line 174.
 1 SYSTEMPATH/Database/BaseConnection.php(910): CodeIgniter\Database\SQLite3\Connection->execute()
 2 SYSTEMPATH/Database/BaseConnection.php(827): CodeIgniter\Database\BaseConnection->simpleQuery()
 3 SYSTEMPATH/Database/BaseBuilder.php(1649): CodeIgniter\Database\BaseConnection->query()
 4 SYSTEMPATH/Model.php(295): CodeIgniter\Database\BaseBuilder->get()
 5 SYSTEMPATH/BaseModel.php(714): CodeIgniter\Model->doFirst()
 6 APPPATH/Controllers/AuthController.php(46): CodeIgniter\BaseModel->first()
 7 SYSTEMPATH/CodeIgniter.php(951): App\Controllers\AuthController->attempt()
 8 SYSTEMPATH/CodeIgniter.php(497): CodeIgniter\CodeIgniter->runController()
 9 SYSTEMPATH/CodeIgniter.php(340): CodeIgniter\CodeIgniter->handleRequest()
10 SYSTEMPATH/Boot.php(417): CodeIgniter\CodeIgniter->run()
11 SYSTEMPATH/Boot.php(68): CodeIgniter\Boot::runCodeIgniter()
12 FCPATH/index.php(59): CodeIgniter\Boot::bootWeb()
CRITICAL - 2026-05-13 07:55:20 --> [Caused by] SQLite3Exception: Unable to prepare statement: no such table: employes
in SYSTEMPATH/Database/SQLite3/Connection.php on line 164.
 1 SYSTEMPATH/Database/SQLite3/Connection.php(164): SQLite3->query()
 2 SYSTEMPATH/Database/BaseConnection.php(910): CodeIgniter\Database\SQLite3\Connection->execute()
 3 SYSTEMPATH/Database/BaseConnection.php(827): CodeIgniter\Database\BaseConnection->simpleQuery()
 4 SYSTEMPATH/Database/BaseBuilder.php(1649): CodeIgniter\Database\BaseConnection->query()
 5 SYSTEMPATH/Model.php(295): CodeIgniter\Database\BaseBuilder->get()
 6 SYSTEMPATH/BaseModel.php(714): CodeIgniter\Model->doFirst()
 7 APPPATH/Controllers/AuthController.php(46): CodeIgniter\BaseModel->first()
 8 SYSTEMPATH/CodeIgniter.php(951): App\Controllers\AuthController->attempt()
 9 SYSTEMPATH/CodeIgniter.php(497): CodeIgniter\CodeIgniter->runController()
10 SYSTEMPATH/CodeIgniter.php(340): CodeIgniter\CodeIgniter->handleRequest()
11 SYSTEMPATH/Boot.php(417): CodeIgniter\CodeIgniter->run()
12 SYSTEMPATH/Boot.php(68): CodeIgniter\Boot::runCodeIgniter()
13 FCPATH/index.php(59): CodeIgniter\Boot::bootWeb()
CRITICAL - 2026-05-13 08:03:14 --> CodeIgniter\Exceptions\InvalidArgumentException: No such handler for "date_embauche". Invalid type: date
[Method: POST, Route: login]
in SYSTEMPATH/DataCaster/DataCaster.php on line 182.
 1 SYSTEMPATH/DataConverter/DataConverter.php(80): CodeIgniter\DataCaster\DataCaster->castAs()
 2 SYSTEMPATH/BaseModel.php(1984): CodeIgniter\DataConverter\DataConverter->fromDataSource()
 3 SYSTEMPATH/Model.php(298): CodeIgniter\BaseModel->convertToReturnType()
 4 SYSTEMPATH/BaseModel.php(714): CodeIgniter\Model->doFirst()
 5 APPPATH/Controllers/AuthController.php(46): CodeIgniter\BaseModel->first()
 6 SYSTEMPATH/CodeIgniter.php(951): App\Controllers\AuthController->attempt()
 7 SYSTEMPATH/CodeIgniter.php(497): CodeIgniter\CodeIgniter->runController()
 8 SYSTEMPATH/CodeIgniter.php(340): CodeIgniter\CodeIgniter->handleRequest()
 9 SYSTEMPATH/Boot.php(417): CodeIgniter\CodeIgniter->run()
10 SYSTEMPATH/Boot.php(68): CodeIgniter\Boot::runCodeIgniter()
11 FCPATH/index.php(59): CodeIgniter\Boot::bootWeb()
CRITICAL - 2026-05-13 08:05:36 --> CodeIgniter\Exceptions\InvalidArgumentException: No such handler for "date_embauche". Invalid type: date
[Method: POST, Route: login]
in SYSTEMPATH/DataCaster/DataCaster.php on line 182.
 1 SYSTEMPATH/DataConverter/DataConverter.php(80): CodeIgniter\DataCaster\DataCaster->castAs()
 2 SYSTEMPATH/BaseModel.php(1984): CodeIgniter\DataConverter\DataConverter->fromDataSource()
 3 SYSTEMPATH/Model.php(298): CodeIgniter\BaseModel->convertToReturnType()
 4 SYSTEMPATH/BaseModel.php(714): CodeIgniter\Model->doFirst()
 5 APPPATH/Controllers/AuthController.php(46): CodeIgniter\BaseModel->first()
 6 SYSTEMPATH/CodeIgniter.php(951): App\Controllers\AuthController->attempt()
 7 SYSTEMPATH/CodeIgniter.php(497): CodeIgniter\CodeIgniter->runController()
 8 SYSTEMPATH/CodeIgniter.php(340): CodeIgniter\CodeIgniter->handleRequest()
 9 SYSTEMPATH/Boot.php(417): CodeIgniter\CodeIgniter->run()
10 SYSTEMPATH/Boot.php(68): CodeIgniter\Boot::runCodeIgniter()
11 FCPATH/index.php(59): CodeIgniter\Boot::bootWeb()
CRITICAL - 2026-05-13 08:07:00 --> CodeIgniter\I18n\Exceptions\I18nException: "Y-m-d H:i:s" is not a valid datetime format
[Method: POST, Route: login]
in SYSTEMPATH/I18n/TimeTrait.php on line 251.
 1 SYSTEMPATH/I18n/TimeTrait.php(251): CodeIgniter\I18n\Exceptions\I18nException::forInvalidFormat()
 2 SYSTEMPATH/DataCaster/Cast/DatetimeCast.php(48): CodeIgniter\I18n\Time::createFromFormat()
 3 SYSTEMPATH/DataCaster/DataCaster.php(197): CodeIgniter\DataCaster\Cast\DatetimeCast::get()
 4 SYSTEMPATH/DataConverter/DataConverter.php(80): CodeIgniter\DataCaster\DataCaster->castAs()
 5 SYSTEMPATH/BaseModel.php(1984): CodeIgniter\DataConverter\DataConverter->fromDataSource()
 6 SYSTEMPATH/Model.php(298): CodeIgniter\BaseModel->convertToReturnType()
 7 SYSTEMPATH/BaseModel.php(714): CodeIgniter\Model->doFirst()
 8 APPPATH/Controllers/AuthController.php(46): CodeIgniter\BaseModel->first()
 9 SYSTEMPATH/CodeIgniter.php(951): App\Controllers\AuthController->attempt()
10 SYSTEMPATH/CodeIgniter.php(497): CodeIgniter\CodeIgniter->runController()
11 SYSTEMPATH/CodeIgniter.php(340): CodeIgniter\CodeIgniter->handleRequest()
12 SYSTEMPATH/Boot.php(417): CodeIgniter\CodeIgniter->run()
13 SYSTEMPATH/Boot.php(68): CodeIgniter\Boot::runCodeIgniter()
14 FCPATH/index.php(59): CodeIgniter\Boot::bootWeb()
CRITICAL - 2026-05-13 08:07:28 --> CodeIgniter\I18n\Exceptions\I18nException: "Y-m-d H:i:s" is not a valid datetime format
[Method: POST, Route: login]
in SYSTEMPATH/I18n/TimeTrait.php on line 251.
 1 SYSTEMPATH/I18n/TimeTrait.php(251): CodeIgniter\I18n\Exceptions\I18nException::forInvalidFormat()
 2 SYSTEMPATH/DataCaster/Cast/DatetimeCast.php(48): CodeIgniter\I18n\Time::createFromFormat()
 3 SYSTEMPATH/DataCaster/DataCaster.php(197): CodeIgniter\DataCaster\Cast\DatetimeCast::get()
 4 SYSTEMPATH/DataConverter/DataConverter.php(80): CodeIgniter\DataCaster\DataCaster->castAs()
 5 SYSTEMPATH/BaseModel.php(1984): CodeIgniter\DataConverter\DataConverter->fromDataSource()
 6 SYSTEMPATH/Model.php(298): CodeIgniter\BaseModel->convertToReturnType()
 7 SYSTEMPATH/BaseModel.php(714): CodeIgniter\Model->doFirst()
 8 APPPATH/Controllers/AuthController.php(46): CodeIgniter\BaseModel->first()
 9 SYSTEMPATH/CodeIgniter.php(951): App\Controllers\AuthController->attempt()
10 SYSTEMPATH/CodeIgniter.php(497): CodeIgniter\CodeIgniter->runController()
11 SYSTEMPATH/CodeIgniter.php(340): CodeIgniter\CodeIgniter->handleRequest()
12 SYSTEMPATH/Boot.php(417): CodeIgniter\CodeIgniter->run()
13 SYSTEMPATH/Boot.php(68): CodeIgniter\Boot::runCodeIgniter()
14 FCPATH/index.php(59): CodeIgniter\Boot::bootWeb()
ERROR - 2026-05-13 09:05:40 --> Error connecting to the database: Error: Class "SQLite3" not found in /opt/lampp/htdocs/madaTech/system/Database/SQLite3/Connection.php:111
Stack trace:
#0 /opt/lampp/htdocs/madaTech/system/Database/BaseConnection.php(555): CodeIgniter\Database\SQLite3\Connection->connect()
#1 /opt/lampp/htdocs/madaTech/system/Database/SQLite3/Connection.php(74): CodeIgniter\Database\BaseConnection->initialize()
#2 /opt/lampp/htdocs/madaTech/system/Database/BaseConnection.php(795): CodeIgniter\Database\SQLite3\Connection->initialize()
#3 /opt/lampp/htdocs/madaTech/system/Database/BaseBuilder.php(1649): CodeIgniter\Database\BaseConnection->query()
#4 /opt/lampp/htdocs/madaTech/system/Model.php(253): CodeIgniter\Database\BaseBuilder->get()
#5 /opt/lampp/htdocs/madaTech/system/BaseModel.php(676): CodeIgniter\Model->doFindAll()
#6 /opt/lampp/htdocs/madaTech/app/Controllers/EmployeController.php(35): CodeIgniter\BaseModel->findAll()
#7 /opt/lampp/htdocs/madaTech/system/CodeIgniter.php(951): App\Controllers\EmployeController->gestionEmploye()
#8 /opt/lampp/htdocs/madaTech/system/CodeIgniter.php(497): CodeIgniter\CodeIgniter->runController()
#9 /opt/lampp/htdocs/madaTech/system/CodeIgniter.php(340): CodeIgniter\CodeIgniter->handleRequest()
#10 /opt/lampp/htdocs/madaTech/system/Boot.php(417): CodeIgniter\CodeIgniter->run()
#11 /opt/lampp/htdocs/madaTech/system/Boot.php(68): CodeIgniter\Boot::runCodeIgniter()
#12 /opt/lampp/htdocs/madaTech/public/index.php(59): CodeIgniter\Boot::bootWeb()
#13 {main}
CRITICAL - 2026-05-13 09:05:40 --> CodeIgniter\Database\Exceptions\DatabaseException: Unable to connect to the database.
Main connection [SQLite3]: Class "SQLite3" not found
[Method: GET, Route: gestion-employe]
in SYSTEMPATH/Database/BaseConnection.php on line 606.
 1 SYSTEMPATH/Database/SQLite3/Connection.php(74): CodeIgniter\Database\BaseConnection->initialize()
 2 SYSTEMPATH/Database/BaseConnection.php(795): CodeIgniter\Database\SQLite3\Connection->initialize()
 3 SYSTEMPATH/Database/BaseBuilder.php(1649): CodeIgniter\Database\BaseConnection->query()
 4 SYSTEMPATH/Model.php(253): CodeIgniter\Database\BaseBuilder->get()
 5 SYSTEMPATH/BaseModel.php(676): CodeIgniter\Model->doFindAll()
 6 APPPATH/Controllers/EmployeController.php(35): CodeIgniter\BaseModel->findAll()
 7 SYSTEMPATH/CodeIgniter.php(951): App\Controllers\EmployeController->gestionEmploye()
 8 SYSTEMPATH/CodeIgniter.php(497): CodeIgniter\CodeIgniter->runController()
 9 SYSTEMPATH/CodeIgniter.php(340): CodeIgniter\CodeIgniter->handleRequest()
10 SYSTEMPATH/Boot.php(417): CodeIgniter\CodeIgniter->run()
11 SYSTEMPATH/Boot.php(68): CodeIgniter\Boot::runCodeIgniter()
12 FCPATH/index.php(59): CodeIgniter\Boot::bootWeb()
ERROR - 2026-05-13 09:05:42 --> Error connecting to the database: Error: Class "SQLite3" not found in /opt/lampp/htdocs/madaTech/system/Database/SQLite3/Connection.php:111
Stack trace:
#0 /opt/lampp/htdocs/madaTech/system/Database/BaseConnection.php(555): CodeIgniter\Database\SQLite3\Connection->connect()
#1 /opt/lampp/htdocs/madaTech/system/Database/SQLite3/Connection.php(74): CodeIgniter\Database\BaseConnection->initialize()
#2 /opt/lampp/htdocs/madaTech/system/Database/BaseConnection.php(795): CodeIgniter\Database\SQLite3\Connection->initialize()
#3 /opt/lampp/htdocs/madaTech/system/Database/BaseBuilder.php(1649): CodeIgniter\Database\BaseConnection->query()
#4 /opt/lampp/htdocs/madaTech/system/Model.php(253): CodeIgniter\Database\BaseBuilder->get()
#5 /opt/lampp/htdocs/madaTech/system/BaseModel.php(676): CodeIgniter\Model->doFindAll()
#6 /opt/lampp/htdocs/madaTech/app/Controllers/EmployeController.php(35): CodeIgniter\BaseModel->findAll()
#7 /opt/lampp/htdocs/madaTech/system/CodeIgniter.php(951): App\Controllers\EmployeController->gestionEmploye()
#8 /opt/lampp/htdocs/madaTech/system/CodeIgniter.php(497): CodeIgniter\CodeIgniter->runController()
#9 /opt/lampp/htdocs/madaTech/system/CodeIgniter.php(340): CodeIgniter\CodeIgniter->handleRequest()
#10 /opt/lampp/htdocs/madaTech/system/Boot.php(417): CodeIgniter\CodeIgniter->run()
#11 /opt/lampp/htdocs/madaTech/system/Boot.php(68): CodeIgniter\Boot::runCodeIgniter()
#12 /opt/lampp/htdocs/madaTech/public/index.php(59): CodeIgniter\Boot::bootWeb()
#13 {main}
CRITICAL - 2026-05-13 09:05:42 --> CodeIgniter\Database\Exceptions\DatabaseException: Unable to connect to the database.
Main connection [SQLite3]: Class "SQLite3" not found
[Method: GET, Route: gestion-employe]
in SYSTEMPATH/Database/BaseConnection.php on line 606.
 1 SYSTEMPATH/Database/SQLite3/Connection.php(74): CodeIgniter\Database\BaseConnection->initialize()
 2 SYSTEMPATH/Database/BaseConnection.php(795): CodeIgniter\Database\SQLite3\Connection->initialize()
 3 SYSTEMPATH/Database/BaseBuilder.php(1649): CodeIgniter\Database\BaseConnection->query()
 4 SYSTEMPATH/Model.php(253): CodeIgniter\Database\BaseBuilder->get()
 5 SYSTEMPATH/BaseModel.php(676): CodeIgniter\Model->doFindAll()
 6 APPPATH/Controllers/EmployeController.php(35): CodeIgniter\BaseModel->findAll()
 7 SYSTEMPATH/CodeIgniter.php(951): App\Controllers\EmployeController->gestionEmploye()
 8 SYSTEMPATH/CodeIgniter.php(497): CodeIgniter\CodeIgniter->runController()
 9 SYSTEMPATH/CodeIgniter.php(340): CodeIgniter\CodeIgniter->handleRequest()
10 SYSTEMPATH/Boot.php(417): CodeIgniter\CodeIgniter->run()
11 SYSTEMPATH/Boot.php(68): CodeIgniter\Boot::runCodeIgniter()
12 FCPATH/index.php(59): CodeIgniter\Boot::bootWeb()
ERROR - 2026-05-13 09:24:05 --> Error connecting to the database: Error: Class "SQLite3" not found in /opt/lampp/htdocs/madaTech/system/Database/SQLite3/Connection.php:111
Stack trace:
#0 /opt/lampp/htdocs/madaTech/system/Database/BaseConnection.php(555): CodeIgniter\Database\SQLite3\Connection->connect()
#1 /opt/lampp/htdocs/madaTech/system/Database/SQLite3/Connection.php(74): CodeIgniter\Database\BaseConnection->initialize()
#2 /opt/lampp/htdocs/madaTech/system/Database/BaseConnection.php(795): CodeIgniter\Database\SQLite3\Connection->initialize()
#3 /opt/lampp/htdocs/madaTech/system/Database/BaseBuilder.php(1649): CodeIgniter\Database\BaseConnection->query()
#4 /opt/lampp/htdocs/madaTech/system/Model.php(253): CodeIgniter\Database\BaseBuilder->get()
#5 /opt/lampp/htdocs/madaTech/system/BaseModel.php(676): CodeIgniter\Model->doFindAll()
#6 /opt/lampp/htdocs/madaTech/app/Controllers/EmployeController.php(35): CodeIgniter\BaseModel->findAll()
#7 /opt/lampp/htdocs/madaTech/system/CodeIgniter.php(951): App\Controllers\EmployeController->gestionEmploye()
#8 /opt/lampp/htdocs/madaTech/system/CodeIgniter.php(497): CodeIgniter\CodeIgniter->runController()
#9 /opt/lampp/htdocs/madaTech/system/CodeIgniter.php(340): CodeIgniter\CodeIgniter->handleRequest()
#10 /opt/lampp/htdocs/madaTech/system/Boot.php(417): CodeIgniter\CodeIgniter->run()
#11 /opt/lampp/htdocs/madaTech/system/Boot.php(68): CodeIgniter\Boot::runCodeIgniter()
#12 /opt/lampp/htdocs/madaTech/public/index.php(59): CodeIgniter\Boot::bootWeb()
#13 {main}
CRITICAL - 2026-05-13 09:24:05 --> CodeIgniter\Database\Exceptions\DatabaseException: Unable to connect to the database.
Main connection [SQLite3]: Class "SQLite3" not found
[Method: GET, Route: gestion-employe]
in SYSTEMPATH/Database/BaseConnection.php on line 606.
 1 SYSTEMPATH/Database/SQLite3/Connection.php(74): CodeIgniter\Database\BaseConnection->initialize()
 2 SYSTEMPATH/Database/BaseConnection.php(795): CodeIgniter\Database\SQLite3\Connection->initialize()
 3 SYSTEMPATH/Database/BaseBuilder.php(1649): CodeIgniter\Database\BaseConnection->query()
 4 SYSTEMPATH/Model.php(253): CodeIgniter\Database\BaseBuilder->get()
 5 SYSTEMPATH/BaseModel.php(676): CodeIgniter\Model->doFindAll()
 6 APPPATH/Controllers/EmployeController.php(35): CodeIgniter\BaseModel->findAll()
 7 SYSTEMPATH/CodeIgniter.php(951): App\Controllers\EmployeController->gestionEmploye()
 8 SYSTEMPATH/CodeIgniter.php(497): CodeIgniter\CodeIgniter->runController()
 9 SYSTEMPATH/CodeIgniter.php(340): CodeIgniter\CodeIgniter->handleRequest()
10 SYSTEMPATH/Boot.php(417): CodeIgniter\CodeIgniter->run()
11 SYSTEMPATH/Boot.php(68): CodeIgniter\Boot::runCodeIgniter()
12 FCPATH/index.php(59): CodeIgniter\Boot::bootWeb()
ERROR - 2026-05-13 09:39:30 --> Error connecting to the database: Error: Class "SQLite3" not found in /opt/lampp/htdocs/madaTech/system/Database/SQLite3/Connection.php:111
Stack trace:
#0 /opt/lampp/htdocs/madaTech/system/Database/BaseConnection.php(555): CodeIgniter\Database\SQLite3\Connection->connect()
#1 /opt/lampp/htdocs/madaTech/system/Database/SQLite3/Connection.php(74): CodeIgniter\Database\BaseConnection->initialize()
#2 /opt/lampp/htdocs/madaTech/system/Database/BaseConnection.php(795): CodeIgniter\Database\SQLite3\Connection->initialize()
#3 /opt/lampp/htdocs/madaTech/system/Database/BaseBuilder.php(1649): CodeIgniter\Database\BaseConnection->query()
#4 /opt/lampp/htdocs/madaTech/system/Model.php(253): CodeIgniter\Database\BaseBuilder->get()
#5 /opt/lampp/htdocs/madaTech/system/BaseModel.php(676): CodeIgniter\Model->doFindAll()
#6 /opt/lampp/htdocs/madaTech/app/Controllers/EmployeController.php(35): CodeIgniter\BaseModel->findAll()
#7 /opt/lampp/htdocs/madaTech/system/CodeIgniter.php(951): App\Controllers\EmployeController->gestionEmploye()
#8 /opt/lampp/htdocs/madaTech/system/CodeIgniter.php(497): CodeIgniter\CodeIgniter->runController()
#9 /opt/lampp/htdocs/madaTech/system/CodeIgniter.php(340): CodeIgniter\CodeIgniter->handleRequest()
#10 /opt/lampp/htdocs/madaTech/system/Boot.php(417): CodeIgniter\CodeIgniter->run()
#11 /opt/lampp/htdocs/madaTech/system/Boot.php(68): CodeIgniter\Boot::runCodeIgniter()
#12 /opt/lampp/htdocs/madaTech/public/index.php(59): CodeIgniter\Boot::bootWeb()
#13 {main}
CRITICAL - 2026-05-13 09:39:30 --> CodeIgniter\Database\Exceptions\DatabaseException: Unable to connect to the database.
Main connection [SQLite3]: Class "SQLite3" not found
[Method: GET, Route: gestion-employe]
in SYSTEMPATH/Database/BaseConnection.php on line 606.
 1 SYSTEMPATH/Database/SQLite3/Connection.php(74): CodeIgniter\Database\BaseConnection->initialize()
 2 SYSTEMPATH/Database/BaseConnection.php(795): CodeIgniter\Database\SQLite3\Connection->initialize()
 3 SYSTEMPATH/Database/BaseBuilder.php(1649): CodeIgniter\Database\BaseConnection->query()
 4 SYSTEMPATH/Model.php(253): CodeIgniter\Database\BaseBuilder->get()
 5 SYSTEMPATH/BaseModel.php(676): CodeIgniter\Model->doFindAll()
 6 APPPATH/Controllers/EmployeController.php(35): CodeIgniter\BaseModel->findAll()
 7 SYSTEMPATH/CodeIgniter.php(951): App\Controllers\EmployeController->gestionEmploye()
 8 SYSTEMPATH/CodeIgniter.php(497): CodeIgniter\CodeIgniter->runController()
 9 SYSTEMPATH/CodeIgniter.php(340): CodeIgniter\CodeIgniter->handleRequest()
10 SYSTEMPATH/Boot.php(417): CodeIgniter\CodeIgniter->run()
11 SYSTEMPATH/Boot.php(68): CodeIgniter\Boot::runCodeIgniter()
12 FCPATH/index.php(59): CodeIgniter\Boot::bootWeb()
ERROR - 2026-05-13 09:39:31 --> Error connecting to the database: Error: Class "SQLite3" not found in /opt/lampp/htdocs/madaTech/system/Database/SQLite3/Connection.php:111
Stack trace:
#0 /opt/lampp/htdocs/madaTech/system/Database/BaseConnection.php(555): CodeIgniter\Database\SQLite3\Connection->connect()
#1 /opt/lampp/htdocs/madaTech/system/Database/SQLite3/Connection.php(74): CodeIgniter\Database\BaseConnection->initialize()
#2 /opt/lampp/htdocs/madaTech/system/Database/BaseConnection.php(795): CodeIgniter\Database\SQLite3\Connection->initialize()
#3 /opt/lampp/htdocs/madaTech/system/Database/BaseBuilder.php(1649): CodeIgniter\Database\BaseConnection->query()
#4 /opt/lampp/htdocs/madaTech/system/Model.php(253): CodeIgniter\Database\BaseBuilder->get()
#5 /opt/lampp/htdocs/madaTech/system/BaseModel.php(676): CodeIgniter\Model->doFindAll()
#6 /opt/lampp/htdocs/madaTech/app/Controllers/EmployeController.php(35): CodeIgniter\BaseModel->findAll()
#7 /opt/lampp/htdocs/madaTech/system/CodeIgniter.php(951): App\Controllers\EmployeController->gestionEmploye()
#8 /opt/lampp/htdocs/madaTech/system/CodeIgniter.php(497): CodeIgniter\CodeIgniter->runController()
#9 /opt/lampp/htdocs/madaTech/system/CodeIgniter.php(340): CodeIgniter\CodeIgniter->handleRequest()
#10 /opt/lampp/htdocs/madaTech/system/Boot.php(417): CodeIgniter\CodeIgniter->run()
#11 /opt/lampp/htdocs/madaTech/system/Boot.php(68): CodeIgniter\Boot::runCodeIgniter()
#12 /opt/lampp/htdocs/madaTech/public/index.php(59): CodeIgniter\Boot::bootWeb()
#13 {main}
CRITICAL - 2026-05-13 09:39:31 --> CodeIgniter\Database\Exceptions\DatabaseException: Unable to connect to the database.
Main connection [SQLite3]: Class "SQLite3" not found
[Method: GET, Route: gestion-employe]
in SYSTEMPATH/Database/BaseConnection.php on line 606.
 1 SYSTEMPATH/Database/SQLite3/Connection.php(74): CodeIgniter\Database\BaseConnection->initialize()
 2 SYSTEMPATH/Database/BaseConnection.php(795): CodeIgniter\Database\SQLite3\Connection->initialize()
 3 SYSTEMPATH/Database/BaseBuilder.php(1649): CodeIgniter\Database\BaseConnection->query()
 4 SYSTEMPATH/Model.php(253): CodeIgniter\Database\BaseBuilder->get()
 5 SYSTEMPATH/BaseModel.php(676): CodeIgniter\Model->doFindAll()
 6 APPPATH/Controllers/EmployeController.php(35): CodeIgniter\BaseModel->findAll()
 7 SYSTEMPATH/CodeIgniter.php(951): App\Controllers\EmployeController->gestionEmploye()
 8 SYSTEMPATH/CodeIgniter.php(497): CodeIgniter\CodeIgniter->runController()
 9 SYSTEMPATH/CodeIgniter.php(340): CodeIgniter\CodeIgniter->handleRequest()
10 SYSTEMPATH/Boot.php(417): CodeIgniter\CodeIgniter->run()
11 SYSTEMPATH/Boot.php(68): CodeIgniter\Boot::runCodeIgniter()
12 FCPATH/index.php(59): CodeIgniter\Boot::bootWeb()
ERROR - 2026-05-13 09:40:31 --> Error connecting to the database: Error: Class "SQLite3" not found in /opt/lampp/htdocs/madaTech/system/Database/SQLite3/Connection.php:111
Stack trace:
#0 /opt/lampp/htdocs/madaTech/system/Database/BaseConnection.php(555): CodeIgniter\Database\SQLite3\Connection->connect()
#1 /opt/lampp/htdocs/madaTech/system/Database/SQLite3/Connection.php(74): CodeIgniter\Database\BaseConnection->initialize()
#2 /opt/lampp/htdocs/madaTech/system/Database/BaseConnection.php(795): CodeIgniter\Database\SQLite3\Connection->initialize()
#3 /opt/lampp/htdocs/madaTech/system/Database/BaseBuilder.php(1649): CodeIgniter\Database\BaseConnection->query()
#4 /opt/lampp/htdocs/madaTech/system/Model.php(295): CodeIgniter\Database\BaseBuilder->get()
#5 /opt/lampp/htdocs/madaTech/system/BaseModel.php(714): CodeIgniter\Model->doFirst()
#6 /opt/lampp/htdocs/madaTech/app/Controllers/AuthController.php(46): CodeIgniter\BaseModel->first()
#7 /opt/lampp/htdocs/madaTech/system/CodeIgniter.php(951): App\Controllers\AuthController->attempt()
#8 /opt/lampp/htdocs/madaTech/system/CodeIgniter.php(497): CodeIgniter\CodeIgniter->runController()
#9 /opt/lampp/htdocs/madaTech/system/CodeIgniter.php(340): CodeIgniter\CodeIgniter->handleRequest()
#10 /opt/lampp/htdocs/madaTech/system/Boot.php(417): CodeIgniter\CodeIgniter->run()
#11 /opt/lampp/htdocs/madaTech/system/Boot.php(68): CodeIgniter\Boot::runCodeIgniter()
#12 /opt/lampp/htdocs/madaTech/public/index.php(59): CodeIgniter\Boot::bootWeb()
#13 {main}
CRITICAL - 2026-05-13 09:40:31 --> CodeIgniter\Database\Exceptions\DatabaseException: Unable to connect to the database.
Main connection [SQLite3]: Class "SQLite3" not found
[Method: POST, Route: login]
in SYSTEMPATH/Database/BaseConnection.php on line 606.
 1 SYSTEMPATH/Database/SQLite3/Connection.php(74): CodeIgniter\Database\BaseConnection->initialize()
 2 SYSTEMPATH/Database/BaseConnection.php(795): CodeIgniter\Database\SQLite3\Connection->initialize()
 3 SYSTEMPATH/Database/BaseBuilder.php(1649): CodeIgniter\Database\BaseConnection->query()
 4 SYSTEMPATH/Model.php(295): CodeIgniter\Database\BaseBuilder->get()
 5 SYSTEMPATH/BaseModel.php(714): CodeIgniter\Model->doFirst()
 6 APPPATH/Controllers/AuthController.php(46): CodeIgniter\BaseModel->first()
 7 SYSTEMPATH/CodeIgniter.php(951): App\Controllers\AuthController->attempt()
 8 SYSTEMPATH/CodeIgniter.php(497): CodeIgniter\CodeIgniter->runController()
 9 SYSTEMPATH/CodeIgniter.php(340): CodeIgniter\CodeIgniter->handleRequest()
10 SYSTEMPATH/Boot.php(417): CodeIgniter\CodeIgniter->run()
11 SYSTEMPATH/Boot.php(68): CodeIgniter\Boot::runCodeIgniter()
12 FCPATH/index.php(59): CodeIgniter\Boot::bootWeb()
